<?xml version="1.0" encoding="UTF-8"?>
<!-- Generated by org.testng.reporters.JUnitReportReporter -->
<testsuite hostname="ASEHGALVHQL18" failures="0" tests="2" name="com.simple.Test.TekarchLogin" time="3.423" errors="0" timestamp="2022-10-19T17:34:01 EDT" skipped="1">
  <testcase classname="com.simple.Test.TekarchLogin" name="deleteUserInfo" time="3.423"/>
  <system-out/>
  <testcase classname="com.simple.Test.TekarchLogin" name="CreateUserDetails">
    <skipped/>
  </testcase> <!-- CreateUserDetails -->
  <system-out/>
</testsuite> <!-- com.simple.Test.TekarchLogin -->
