<?xml version="1.0" encoding="UTF-8"?>
<!-- Generated by org.testng.reporters.JUnitReportReporter -->
<testsuite hostname="ASEHGALVHQL18" failures="0" tests="1" name="com.SimpleTest.TekarchLogin" time="3.432" errors="0" timestamp="2022-10-20T23:45:15 EDT" skipped="0">
  <testcase classname="com.SimpleTest.TekarchLogin" name="TestCase5" time="3.432"/>
  <system-out/>
</testsuite> <!-- com.SimpleTest.TekarchLogin -->
