<?xml version="1.0" encoding="UTF-8"?>
<!-- Generated by org.testng.reporters.JUnitReportReporter -->
<testsuite hostname="ASEHGALVHQL18" failures="0" tests="1" name="com.APITest.TekarchAPITest" time="3.339" errors="0" timestamp="2022-10-21T00:32:29 EDT" skipped="0">
  <testcase classname="com.APITest.TekarchAPITest" name="TestCase5" time="3.339"/>
  <system-out/>
</testsuite> <!-- com.APITest.TekarchAPITest -->
