<?xml version="1.0" encoding="UTF-8"?>
<!-- Generated by org.testng.reporters.JUnitReportReporter -->
<testsuite hostname="ASEHGALVHQL18" failures="0" tests="1" name="com.simple.Test.SimpleCRUD" time="4.328" errors="0" timestamp="2022-10-18T16:17:09 EDT" skipped="0">
  <testcase classname="com.simple.Test.SimpleCRUD" name="FirstTest" time="4.328"/>
  <system-out/>
</testsuite> <!-- com.simple.Test.SimpleCRUD -->
